2025-06-23 23:34:01,467 - __main__ - INFO - 🏭 PHASE 6C PRODUCTION EXECUTIVE DISCOVERY PIPELINE
2025-06-23 23:34:01,467 - __main__ - INFO - ======================================================================
2025-06-23 23:34:01,467 - __main__ - INFO - Using Context7 best practices for enterprise-grade performance
2025-06-23 23:34:01,467 - __main__ - INFO - ======================================================================
2025-06-23 23:34:01,467 - __main__ - INFO - Processing 10 companies with Phase 6C pipeline...
2025-06-23 23:34:01,467 - __main__ - INFO - 🚀 Starting Phase 6C production batch processing for 10 companies
2025-06-23 23:34:03,333 - urllib3.connectionpool - WARNING - Retrying (Retry(total=2, connect=None, read=None, redirect=None, status=None)) after connection broken by 'NameResolutionError("<urllib3.connection.HTTPConnection object at 0x1038a63d0>: Failed to resolve 'www.chparker-plumbing.co.uk' ([Errno 8] nodename nor servname provided, or not known)")': /
2025-06-23 23:34:03,940 - urllib3.connectionpool - WARNING - Retrying (Retry(total=1, connect=None, read=None, redirect=None, status=None)) after connection broken by 'NameResolutionError("<urllib3.connection.HTTPConnection object at 0x1038a6370>: Failed to resolve 'www.chparker-plumbing.co.uk' ([Errno 8] nodename nor servname provided, or not known)")': /
2025-06-23 23:34:05,145 - urllib3.connectionpool - WARNING - Retrying (Retry(total=0, connect=None, read=None, redirect=None, status=None)) after connection broken by 'NameResolutionError("<urllib3.connection.HTTPConnection object at 0x1038a6730>: Failed to resolve 'www.chparker-plumbing.co.uk' ([Errno 8] nodename nor servname provided, or not known)")': /
2025-06-23 23:34:05,148 - __main__ - WARNING - Request failed for http://www.chparker-plumbing.co.uk/: HTTPConnectionPool(host='www.chparker-plumbing.co.uk', port=80): Max retries exceeded with url: / (Caused by NameResolutionError("<urllib3.connection.HTTPConnection object at 0x1038a6f40>: Failed to resolve 'www.chparker-plumbing.co.uk' ([Errno 8] nodename nor servname provided, or not known)"))
2025-06-23 23:34:08,825 - urllib3.connectionpool - WARNING - Retrying (Retry(total=2, connect=None, read=None, redirect=None, status=None)) after connection broken by 'NameResolutionError("<urllib3.connection.HTTPConnection object at 0x10389f520>: Failed to resolve 'www.chparker-plumbing.co.uk' ([Errno 8] nodename nor servname provided, or not known)")': /
2025-06-23 23:34:09,432 - urllib3.connectionpool - WARNING - Retrying (Retry(total=1, connect=None, read=None, redirect=None, status=None)) after connection broken by 'NameResolutionError("<urllib3.connection.HTTPConnection object at 0x103a756d0>: Failed to resolve 'www.chparker-plumbing.co.uk' ([Errno 8] nodename nor servname provided, or not known)")': /
2025-06-23 23:34:10,638 - urllib3.connectionpool - WARNING - Retrying (Retry(total=0, connect=None, read=None, redirect=None, status=None)) after connection broken by 'NameResolutionError("<urllib3.connection.HTTPConnection object at 0x103a75610>: Failed to resolve 'www.chparker-plumbing.co.uk' ([Errno 8] nodename nor servname provided, or not known)")': /
2025-06-23 23:34:10,641 - __main__ - WARNING - Request failed for http://www.chparker-plumbing.co.uk/: HTTPConnectionPool(host='www.chparker-plumbing.co.uk', port=80): Max retries exceeded with url: / (Caused by NameResolutionError("<urllib3.connection.HTTPConnection object at 0x103a758e0>: Failed to resolve 'www.chparker-plumbing.co.uk' ([Errno 8] nodename nor servname provided, or not known)"))
2025-06-23 23:34:43,436 - urllib3.connectionpool - WARNING - Retrying (Retry(total=2, connect=None, read=None, redirect=None, status=None)) after connection broken by 'ConnectTimeoutError(<urllib3.connection.HTTPSConnection object at 0x10398d730>, 'Connection to coldspringplumbers.co.uk timed out. (connect timeout=30)')': /
2025-06-23 23:35:14,046 - urllib3.connectionpool - WARNING - Retrying (Retry(total=1, connect=None, read=None, redirect=None, status=None)) after connection broken by 'ConnectTimeoutError(<urllib3.connection.HTTPSConnection object at 0x1038a68e0>, 'Connection to coldspringplumbers.co.uk timed out. (connect timeout=30)')': /
2025-06-23 23:35:45,255 - urllib3.connectionpool - WARNING - Retrying (Retry(total=0, connect=None, read=None, redirect=None, status=None)) after connection broken by 'ConnectTimeoutError(<urllib3.connection.HTTPSConnection object at 0x1038a6760>, 'Connection to coldspringplumbers.co.uk timed out. (connect timeout=30)')': /
2025-06-23 23:36:15,261 - __main__ - WARNING - Request failed for https://coldspringplumbers.co.uk/: HTTPSConnectionPool(host='coldspringplumbers.co.uk', port=443): Max retries exceeded with url: / (Caused by ConnectTimeoutError(<urllib3.connection.HTTPSConnection object at 0x1038a63d0>, 'Connection to coldspringplumbers.co.uk timed out. (connect timeout=30)'))
2025-06-23 23:52:08,685 - urllib3.connectionpool - WARNING - Retrying (Retry(total=2, connect=None, read=None, redirect=None, status=None)) after connection broken by 'ConnectTimeoutError(<urllib3.connection.HTTPSConnection object at 0x103ac9820>, 'Connection to coldspringplumbers.co.uk timed out. (connect timeout=30)')': /
2025-06-24 00:07:44,167 - urllib3.connectionpool - WARNING - Retrying (Retry(total=1, connect=None, read=None, redirect=None, status=None)) after connection broken by 'NewConnectionError('<urllib3.connection.HTTPSConnection object at 0x103ac9b20>: Failed to establish a new connection: [Errno 60] Operation timed out')': /
2025-06-24 00:23:05,582 - urllib3.connectionpool - WARNING - Retrying (Retry(total=0, connect=None, read=None, redirect=None, status=None)) after connection broken by 'NewConnectionError('<urllib3.connection.HTTPSConnection object at 0x103ac9cd0>: Failed to establish a new connection: [Errno 60] Operation timed out')': /
2025-06-24 00:38:37,496 - __main__ - WARNING - Request failed for https://coldspringplumbers.co.uk/: HTTPSConnectionPool(host='coldspringplumbers.co.uk', port=443): Max retries exceeded with url: / (Caused by ConnectTimeoutError(<urllib3.connection.HTTPSConnection object at 0x103ac9e80>, 'Connection to coldspringplumbers.co.uk timed out. (connect timeout=30)'))
2025-06-24 00:38:37,864 - urllib3.connectionpool - WARNING - Retrying (Retry(total=2, connect=None, read=None, redirect=None, status=None)) after connection broken by 'ConnectionResetError(54, 'Connection reset by peer')': /contact-us.php
2025-06-24 00:38:43,789 - urllib3.connectionpool - WARNING - Retrying (Retry(total=2, connect=None, read=None, redirect=None, status=None)) after connection broken by 'SSLError(SSLCertVerificationError(1, '[SSL: CERTIFICATE_VERIFY_FAILED] certificate verify failed: certificate has expired (_ssl.c:1129)'))': /
2025-06-24 00:38:44,860 - urllib3.connectionpool - WARNING - Retrying (Retry(total=1, connect=None, read=None, redirect=None, status=None)) after connection broken by 'SSLError(SSLCertVerificationError(1, '[SSL: CERTIFICATE_VERIFY_FAILED] certificate verify failed: certificate has expired (_ssl.c:1129)'))': /
2025-06-24 00:38:46,541 - urllib3.connectionpool - WARNING - Retrying (Retry(total=0, connect=None, read=None, redirect=None, status=None)) after connection broken by 'SSLError(SSLCertVerificationError(1, '[SSL: CERTIFICATE_VERIFY_FAILED] certificate verify failed: certificate has expired (_ssl.c:1129)'))': /
2025-06-24 00:38:46,999 - __main__ - WARNING - Request failed for https://manorvale.co.uk/: HTTPSConnectionPool(host='manorvale.co.uk', port=443): Max retries exceeded with url: / (Caused by SSLError(SSLCertVerificationError(1, '[SSL: CERTIFICATE_VERIFY_FAILED] certificate verify failed: certificate has expired (_ssl.c:1129)')))
2025-06-24 00:38:49,510 - urllib3.connectionpool - WARNING - Retrying (Retry(total=2, connect=None, read=None, redirect=None, status=None)) after connection broken by 'SSLError(SSLCertVerificationError(1, '[SSL: CERTIFICATE_VERIFY_FAILED] certificate verify failed: certificate has expired (_ssl.c:1129)'))': /
2025-06-24 00:38:51,617 - urllib3.connectionpool - WARNING - Retrying (Retry(total=1, connect=None, read=None, redirect=None, status=None)) after connection broken by 'SSLError(SSLCertVerificationError(1, '[SSL: CERTIFICATE_VERIFY_FAILED] certificate verify failed: certificate has expired (_ssl.c:1129)'))': /
2025-06-24 00:53:54,070 - urllib3.connectionpool - WARNING - Retrying (Retry(total=0, connect=None, read=None, redirect=None, status=None)) after connection broken by 'SSLError(SSLCertVerificationError(1, '[SSL: CERTIFICATE_VERIFY_FAILED] certificate verify failed: certificate has expired (_ssl.c:1129)'))': /
2025-06-24 00:53:54,560 - __main__ - WARNING - Request failed for https://manorvale.co.uk/: HTTPSConnectionPool(host='manorvale.co.uk', port=443): Max retries exceeded with url: / (Caused by SSLError(SSLCertVerificationError(1, '[SSL: CERTIFICATE_VERIFY_FAILED] certificate verify failed: certificate has expired (_ssl.c:1129)')))
2025-06-24 01:24:59,123 - urllib3.connectionpool - WARNING - Retrying (Retry(total=2, connect=None, read=None, redirect=None, status=None)) after connection broken by 'ReadTimeoutError("HTTPSConnectionPool(host='celmeng.co.uk', port=443): Read timed out. (read timeout=30)")': /
2025-06-24 01:25:11,676 - __main__ - INFO - ✅ Phase 6C batch processing complete in 6670.21s
2025-06-24 01:25:11,676 - __main__ - INFO - 📊 7 executives found across 10 companies
2025-06-24 01:25:11,679 - __main__ - INFO - 💾 Phase 6C production results saved to phase6c_production_results_1750703111.json
2025-06-24 01:25:11,679 - __main__ - INFO - 
======================================================================
2025-06-24 01:25:11,679 - __main__ - INFO - 🎯 PHASE 6C PRODUCTION RESULTS SUMMARY
2025-06-24 01:25:11,679 - __main__ - INFO - ======================================================================
2025-06-24 01:25:11,679 - __main__ - INFO - Companies Processed: 10
2025-06-24 01:25:11,679 - __main__ - INFO - Executives Found: 7
2025-06-24 01:25:11,679 - __main__ - INFO - Success Rate: 20.0%
2025-06-24 01:25:11,679 - __main__ - INFO - Avg Quality Score: 0.19
2025-06-24 01:25:11,679 - __main__ - INFO - Contact Completeness: 5.0%
2025-06-24 01:25:11,680 - __main__ - INFO - Processing Time: 6670.2s
2025-06-24 01:25:11,680 - __main__ - INFO - Companies/Hour: 5.4
2025-06-24 01:25:11,680 - __main__ - INFO - Executives/Company: 0.7
2025-06-24 01:25:11,680 - __main__ - INFO - ======================================================================
2025-06-24 01:25:11,680 - __main__ - INFO - 📄 Results saved to: phase6c_production_results_1750703111.json
2025-06-24 01:25:11,680 - __main__ - INFO - ======================================================================
2025-06-24 01:25:11,680 - __main__ - INFO - 
🏆 TOP DISCOVERIES:
2025-06-24 01:25:11,680 - __main__ - INFO -   • Celm Engineering: 4 executives
2025-06-24 01:25:11,680 - __main__ - INFO -   • MS Heating & Plumbing: 3 executives
2025-06-24 01:25:11,680 - __main__ - INFO -   • CH Parker Plumbing: 0 executives
